<?xml version="1.0" encoding="UTF-8"?>
<!-- Generated by org.testng.reporters.JUnitReportReporter -->
<testsuite name="com.jbk.Test.DashboardPageTest" tests="6" time="33.812" ignored="0" failures="0" timestamp="13 Jul 2021 07:13:30 GMT" skipped="0" hostname="DESKTOP-AB1UVI3" errors="0">
  <testcase name="verify_menusTest" time="4.721" classname="com.jbk.Test.DashboardPageTest"/>
  <testcase name="verifyDashTitleTest" time="4.977" classname="com.jbk.Test.DashboardPageTest"/>
  <testcase name="verifyDashHeadingTest" time="8.611" classname="com.jbk.Test.DashboardPageTest"/>
  <testcase name="Verify_Sub_CoursesTest" time="5.139" classname="com.jbk.Test.DashboardPageTest"/>
  <testcase name="Verify_CoursesTest" time="5.471" classname="com.jbk.Test.DashboardPageTest"/>
  <testcase name="TestURLTest" time="4.893" classname="com.jbk.Test.DashboardPageTest"/>
</testsuite> <!-- com.jbk.Test.DashboardPageTest -->
