<?xml version="1.0" encoding="UTF-8"?>
<!-- Generated by org.testng.reporters.JUnitReportReporter -->
<testsuite name="com.jbk.Test.LoginPageTest" tests="6" time="38.396" ignored="0" failures="0" timestamp="13 Jul 2021 07:13:30 GMT" skipped="0" hostname="DESKTOP-AB1UVI3" errors="0">
  <testcase name="invalidLoginTest" time="6.113" classname="com.jbk.Test.LoginPageTest"/>
  <testcase name="Log_InTest" time="6.900" classname="com.jbk.Test.LoginPageTest"/>
  <testcase name="Register_New_MemberTest" time="7.669" classname="com.jbk.Test.LoginPageTest"/>
  <testcase name="checkHeaderTest" time="6.174" classname="com.jbk.Test.LoginPageTest"/>
  <testcase name="verifyLogoTest" time="5.788" classname="com.jbk.Test.LoginPageTest"/>
  <testcase name="subHeadingTest" time="5.752" classname="com.jbk.Test.LoginPageTest"/>
</testsuite> <!-- com.jbk.Test.LoginPageTest -->
