<?xml version="1.0" encoding="UTF-8"?>
<!-- Generated by org.testng.reporters.JUnitReportReporter -->
<testsuite name="com.jbk.Test.OperatorPageTest" tests="5" time="39.313" ignored="0" failures="0" timestamp="13 Jul 2021 07:13:30 GMT" skipped="0" hostname="DESKTOP-AB1UVI3" errors="0">
  <testcase name="TestHeader" time="7.953" classname="com.jbk.Test.OperatorPageTest"/>
  <testcase name="verifyTitle" time="7.647" classname="com.jbk.Test.OperatorPageTest"/>
  <testcase name="validUserForWhatsappAndPhoneCalls" time="7.374" classname="com.jbk.Test.OperatorPageTest"/>
  <testcase name="printUsersWithTimingsTest" time="8.809" classname="com.jbk.Test.OperatorPageTest"/>
  <testcase name="TechnicalPersonTest" time="7.530" classname="com.jbk.Test.OperatorPageTest"/>
</testsuite> <!-- com.jbk.Test.OperatorPageTest -->
