<?xml version="1.0" encoding="UTF-8"?>
<!-- Generated by org.testng.reporters.JUnitReportReporter -->
<testsuite skipped="0" hostname="DESKTOP-AB1UVI3" name="com.jbk.Test.OperatorPageTest" tests="1" failures="0" timestamp="09 Jul 2021 19:03:29 GMT" time="9.187" errors="0">
  <testcase name="validUserForWhatsappAndPhoneCalls" time="9.187" classname="com.jbk.Test.OperatorPageTest"/>
</testsuite> <!-- com.jbk.Test.OperatorPageTest -->
