<?xml version="1.0" encoding="UTF-8"?>
<!-- Generated by org.testng.reporters.JUnitReportReporter -->
<testsuite skipped="0" hostname="DESKTOP-AB1UVI3" name="com.jbk.Test.DashboardPageTest" tests="6" failures="0" timestamp="09 Jul 2021 19:03:29 GMT" time="25.313" errors="0">
  <testcase name="verify_menusTest" time="4.798" classname="com.jbk.Test.DashboardPageTest"/>
  <testcase name="Verify_Sub_CoursesTest" time="4.039" classname="com.jbk.Test.DashboardPageTest"/>
  <testcase name="TestURLTest" time="5.218" classname="com.jbk.Test.DashboardPageTest"/>
  <testcase name="verifyDashTitleTest" time="4.573" classname="com.jbk.Test.DashboardPageTest"/>
  <testcase name="verifyDashHeadingTest" time="3.338" classname="com.jbk.Test.DashboardPageTest"/>
  <testcase name="Verify_CoursesTest" time="3.347" classname="com.jbk.Test.DashboardPageTest"/>
</testsuite> <!-- com.jbk.Test.DashboardPageTest -->
